

Started GET "/" for ::1 at 2014-12-26 11:45:12 -0800

AbstractController::ActionNotFound (The action 'home' could not be found for PagesController):
  actionpack (4.2.0) lib/abstract_controller/base.rb:132:in `process'
  actionview (4.2.0) lib/action_view/rendering.rb:30:in `process'
  actionpack (4.2.0) lib/action_controller/metal.rb:195:in `dispatch'
  actionpack (4.2.0) lib/action_controller/metal/rack_delegation.rb:13:in `dispatch'
  actionpack (4.2.0) lib/action_controller/metal.rb:236:in `block in action'
  actionpack (4.2.0) lib/action_dispatch/routing/route_set.rb:73:in `call'
  actionpack (4.2.0) lib/action_dispatch/routing/route_set.rb:73:in `dispatch'
  actionpack (4.2.0) lib/action_dispatch/routing/route_set.rb:42:in `serve'
  actionpack (4.2.0) lib/action_dispatch/journey/router.rb:43:in `block in serve'
  actionpack (4.2.0) lib/action_dispatch/journey/router.rb:30:in `each'
  actionpack (4.2.0) lib/action_dispatch/journey/router.rb:30:in `serve'
  actionpack (4.2.0) lib/action_dispatch/routing/route_set.rb:802:in `call'
  rack (1.6.0) lib/rack/etag.rb:24:in `call'
  rack (1.6.0) lib/rack/conditionalget.rb:25:in `call'
  rack (1.6.0) lib/rack/head.rb:13:in `call'
  actionpack (4.2.0) lib/action_dispatch/middleware/params_parser.rb:27:in `call'
  actionpack (4.2.0) lib/action_dispatch/middleware/flash.rb:260:in `call'
  rack (1.6.0) lib/rack/session/abstract/id.rb:225:in `context'
  rack (1.6.0) lib/rack/session/abstract/id.rb:220:in `call'
  actionpack (4.2.0) lib/action_dispatch/middleware/cookies.rb:560:in `call'
  activerecord (4.2.0) lib/active_record/query_cache.rb:36:in `call'
  activerecord (4.2.0) lib/active_record/connection_adapters/abstract/connection_pool.rb:647:in `call'
  activerecord (4.2.0) lib/active_record/migration.rb:378:in `call'
  actionpack (4.2.0) lib/action_dispatch/middleware/callbacks.rb:29:in `block in call'
  activesupport (4.2.0) lib/active_support/callbacks.rb:88:in `call'
  activesupport (4.2.0) lib/active_support/callbacks.rb:88:in `_run_callbacks'
  activesupport (4.2.0) lib/active_support/callbacks.rb:734:in `_run_call_callbacks'
  activesupport (4.2.0) lib/active_support/callbacks.rb:81:in `run_callbacks'
  actionpack (4.2.0) lib/action_dispatch/middleware/callbacks.rb:27:in `call'
  actionpack (4.2.0) lib/action_dispatch/middleware/reloader.rb:73:in `call'
  actionpack (4.2.0) lib/action_dispatch/middleware/remote_ip.rb:78:in `call'
  web-console (2.0.0) lib/action_dispatch/debug_exceptions.rb:18:in `middleware_call'
  web-console (2.0.0) lib/action_dispatch/debug_exceptions.rb:13:in `call'
  actionpack (4.2.0) lib/action_dispatch/middleware/show_exceptions.rb:30:in `call'
  railties (4.2.0) lib/rails/rack/logger.rb:38:in `call_app'
  railties (4.2.0) lib/rails/rack/logger.rb:20:in `block in call'
  activesupport (4.2.0) lib/active_support/tagged_logging.rb:68:in `block in tagged'
  activesupport (4.2.0) lib/active_support/tagged_logging.rb:26:in `tagged'
  activesupport (4.2.0) lib/active_support/tagged_logging.rb:68:in `tagged'
  railties (4.2.0) lib/rails/rack/logger.rb:20:in `call'
  actionpack (4.2.0) lib/action_dispatch/middleware/request_id.rb:21:in `call'
  rack (1.6.0) lib/rack/methodoverride.rb:22:in `call'
  rack (1.6.0) lib/rack/runtime.rb:18:in `call'
  activesupport (4.2.0) lib/active_support/cache/strategy/local_cache_middleware.rb:28:in `call'
  rack (1.6.0) lib/rack/lock.rb:17:in `call'
  actionpack (4.2.0) lib/action_dispatch/middleware/static.rb:113:in `call'
  rack (1.6.0) lib/rack/sendfile.rb:113:in `call'
  railties (4.2.0) lib/rails/engine.rb:518:in `call'
  railties (4.2.0) lib/rails/application.rb:164:in `call'
  rack (1.6.0) lib/rack/lock.rb:17:in `call'
  rack (1.6.0) lib/rack/content_length.rb:15:in `call'
  rack (1.6.0) lib/rack/handler/webrick.rb:89:in `service'
  /Users/khushali/.rvm/rubies/ruby-2.0.0-p594/lib/ruby/2.0.0/webrick/httpserver.rb:138:in `service'
  /Users/khushali/.rvm/rubies/ruby-2.0.0-p594/lib/ruby/2.0.0/webrick/httpserver.rb:94:in `run'
  /Users/khushali/.rvm/rubies/ruby-2.0.0-p594/lib/ruby/2.0.0/webrick/server.rb:295:in `block in start_thread'


  Rendered /Users/khushali/.rvm/gems/ruby-2.0.0-p594/gems/web-console-2.0.0/lib/action_dispatch/templates/rescues/unknown_action.html.erb within rescues/layout (2.0ms)


Started GET "/" for ::1 at 2014-12-26 11:49:22 -0800
Processing by PagesController#home as HTML
  Rendered pages/home.html.erb within layouts/application (4.5ms)
Completed 500 Internal Server Error in 18ms

ActionView::Template::Error (Missing partial shared/_topnav with {:locale=>[:en], :formats=>[:html], :variants=>[], :handlers=>[:erb, :builder, :raw, :ruby, :coffee, :jbuilder]}. Searched in:
  * "/Users/khushali/.rvm/gems/ruby-2.0.0-p594/gems/web-console-2.0.0/lib/action_dispatch/templates"
  * "/Users/khushali/my_etsy/my_site/app/views"
):
    1: <%= render 'shared/topnav' %>
    2: 
    3: <div class="jumbotron">
    4:   <div class="container">
  app/views/pages/home.html.erb:1:in `_app_views_pages_home_html_erb___275981014841200713_70247304879580'


  Rendered /Users/khushali/.rvm/gems/ruby-2.0.0-p594/gems/web-console-2.0.0/lib/action_dispatch/templates/rescues/_source.erb (8.1ms)
  Rendered /Users/khushali/.rvm/gems/ruby-2.0.0-p594/gems/web-console-2.0.0/lib/action_dispatch/templates/rescues/_trace.html.erb (3.1ms)
  Rendered /Users/khushali/.rvm/gems/ruby-2.0.0-p594/gems/web-console-2.0.0/lib/action_dispatch/templates/rescues/_request_and_response.html.erb (0.8ms)
  Rendered /Users/khushali/.rvm/gems/ruby-2.0.0-p594/gems/web-console-2.0.0/lib/action_dispatch/templates/rescues/_web_console.html.erb (0.8ms)
  Rendered /Users/khushali/.rvm/gems/ruby-2.0.0-p594/gems/web-console-2.0.0/lib/action_dispatch/templates/rescues/template_error.html.erb within rescues/layout (71.7ms)


Started GET "/" for ::1 at 2014-12-26 11:50:32 -0800
Processing by PagesController#home as HTML
  Rendered pages/home.html.erb within layouts/application (2.6ms)
Completed 500 Internal Server Error in 7ms

ActionView::Template::Error (Missing partial shared/_footer with {:locale=>[:en], :formats=>[:html], :variants=>[], :handlers=>[:erb, :builder, :raw, :ruby, :coffee, :jbuilder]}. Searched in:
  * "/Users/khushali/.rvm/gems/ruby-2.0.0-p594/gems/web-console-2.0.0/lib/action_dispatch/templates"
  * "/Users/khushali/my_etsy/my_site/app/views"
):
    46:   </div>
    47: </div>
    48: 
    49: <%= render 'shared/footer' %>
  app/views/pages/home.html.erb:49:in `_app_views_pages_home_html_erb___275981014841200713_70247312741500'


  Rendered /Users/khushali/.rvm/gems/ruby-2.0.0-p594/gems/web-console-2.0.0/lib/action_dispatch/templates/rescues/_source.erb (7.5ms)
  Rendered /Users/khushali/.rvm/gems/ruby-2.0.0-p594/gems/web-console-2.0.0/lib/action_dispatch/templates/rescues/_trace.html.erb (2.8ms)
  Rendered /Users/khushali/.rvm/gems/ruby-2.0.0-p594/gems/web-console-2.0.0/lib/action_dispatch/templates/rescues/_request_and_response.html.erb (0.8ms)
  Rendered /Users/khushali/.rvm/gems/ruby-2.0.0-p594/gems/web-console-2.0.0/lib/action_dispatch/templates/rescues/_web_console.html.erb (0.8ms)
  Rendered /Users/khushali/.rvm/gems/ruby-2.0.0-p594/gems/web-console-2.0.0/lib/action_dispatch/templates/rescues/template_error.html.erb within rescues/layout (25.9ms)


Started GET "/" for ::1 at 2014-12-26 11:50:45 -0800
Processing by PagesController#home as HTML
  Rendered pages/home.html.erb within layouts/application (0.5ms)
Completed 200 OK in 1139ms (Views: 1138.2ms | ActiveRecord: 0.0ms)


Started GET "/assets/pages-069e88c06b889877799890854d7f4c40.css?body=1" for ::1 at 2014-12-26 11:50:46 -0800


Started GET "/assets/application-823e88bf1231c4323ee1d35731d8f1b6.css?body=1" for ::1 at 2014-12-26 11:50:46 -0800


Started GET "/assets/jquery-ea2706bc2d0586731b7c00ec2cd0a414.js?body=1" for ::1 at 2014-12-26 11:50:46 -0800


Started GET "/assets/turbolinks-924184401b7d116eadaaefc96895fa84.js?body=1" for ::1 at 2014-12-26 11:50:46 -0800


Started GET "/assets/application-2c2ee688462784e1088462cb566dfc03.js?body=1" for ::1 at 2014-12-26 11:50:46 -0800


Started GET "/assets/pages-8f6eecd1178ef85964369ec66d33c4f1.js?body=1" for ::1 at 2014-12-26 11:50:46 -0800


Started GET "/assets/jquery_ujs-99f13489684e179b71ca7517fb74318d.js?body=1" for ::1 at 2014-12-26 11:50:46 -0800


Started GET "/pages/redirect_demo" for ::1 at 2014-12-26 12:18:16 -0800
Processing by PagesController#redirect_demo as HTML
Redirected to http://localhost:3000/pages/home
Completed 302 Found in 1ms (ActiveRecord: 0.0ms)


Started GET "/pages/home" for ::1 at 2014-12-26 12:18:16 -0800
Processing by PagesController#home as HTML
  Rendered pages/home.html.erb within layouts/application (0.1ms)
Completed 200 OK in 38ms (Views: 38.0ms | ActiveRecord: 0.0ms)


Started GET "/assets/pages-069e88c06b889877799890854d7f4c40.css?body=1" for ::1 at 2014-12-26 12:18:16 -0800
  [1m[36m (1.7ms)[0m  [1mCREATE TABLE "schema_migrations" ("version" varchar NOT NULL) [0m
  [1m[35m (0.1ms)[0m  select sqlite_version(*)
  [1m[36m (1.0ms)[0m  [1mCREATE UNIQUE INDEX "unique_schema_migrations" ON "schema_migrations" ("version")[0m
  [1m[35mActiveRecord::SchemaMigration Load (0.1ms)[0m  SELECT "schema_migrations".* FROM "schema_migrations"
Migrating to CreateCategories (20141226220008)
  [1m[36m (0.1ms)[0m  [1mbegin transaction[0m
  [1m[35m (0.4ms)[0m  CREATE TABLE "categories" ("id" INTEGER PRIMARY KEY AUTOINCREMENT NOT NULL, "created_at" datetime NOT NULL, "updated_at" datetime NOT NULL, "name" varchar, "thumburl" varchar) 
  [1m[36mSQL (0.2ms)[0m  [1mINSERT INTO "schema_migrations" ("version") VALUES (?)[0m  [["version", "20141226220008"]]
  [1m[35m (1.0ms)[0m  commit transaction
  [1m[36mActiveRecord::SchemaMigration Load (0.1ms)[0m  [1mSELECT "schema_migrations".* FROM "schema_migrations"[0m
  [1m[36mActiveRecord::SchemaMigration Load (0.1ms)[0m  [1mSELECT "schema_migrations".* FROM "schema_migrations"[0m
  [1m[35m (0.1ms)[0m  begin transaction
  [1m[36mSQL (0.4ms)[0m  [1mINSERT INTO "categories" ("name", "thumburl", "created_at", "updated_at") VALUES (?, ?, ?, ?)[0m  [["name", "Art"], ["thumburl", "http://upload.wikimedia.org/wikipedia/commons/e/eb/144-la_fuente_de_Monforte_V.jpg"], ["created_at", "2014-12-26 22:19:10.101519"], ["updated_at", "2014-12-26 22:19:10.101519"]]
  [1m[35m (1.5ms)[0m  commit transaction
  [1m[36m (0.1ms)[0m  [1mbegin transaction[0m
  [1m[35mSQL (0.2ms)[0m  INSERT INTO "categories" ("name", "thumburl", "created_at", "updated_at") VALUES (?, ?, ?, ?)  [["name", "Home & Living"], ["thumburl", "http://ihomedecorsideas.com/wp-content/uploads/2014/04/diy_network_homemade_coat_rack_.jpg"], ["created_at", "2014-12-26 22:19:10.107014"], ["updated_at", "2014-12-26 22:19:10.107014"]]
  [1m[36m (0.9ms)[0m  [1mcommit transaction[0m
  [1m[35m (0.1ms)[0m  begin transaction
  [1m[36mSQL (0.2ms)[0m  [1mINSERT INTO "categories" ("name", "thumburl", "created_at", "updated_at") VALUES (?, ?, ?, ?)[0m  [["name", "Jewelry"], ["thumburl", "http://upload.wikimedia.org/wikipedia/commons/f/ff/Midyat_Silver_Jewelry_1310103_Nevit.jpg"], ["created_at", "2014-12-26 22:19:10.109934"], ["updated_at", "2014-12-26 22:19:10.109934"]]
  [1m[35m (1.0ms)[0m  commit transaction
  [1m[36m (0.1ms)[0m  [1mbegin transaction[0m
  [1m[35mSQL (0.2ms)[0m  INSERT INTO "categories" ("name", "thumburl", "created_at", "updated_at") VALUES (?, ?, ?, ?)  [["name", "Women"], ["thumburl", "https://c1.staticflickr.com/9/8255/8660920433_57a184d9d1_z.jpg"], ["created_at", "2014-12-26 22:19:10.112397"], ["updated_at", "2014-12-26 22:19:10.112397"]]
  [1m[36m (0.9ms)[0m  [1mcommit transaction[0m
  [1m[35m (0.1ms)[0m  begin transaction
  [1m[36mSQL (0.3ms)[0m  [1mINSERT INTO "categories" ("name", "thumburl", "created_at", "updated_at") VALUES (?, ?, ?, ?)[0m  [["name", "Men"], ["thumburl", "http://upload.wikimedia.org/wikipedia/commons/d/d5/Fullbrogue_(Grenson).jpg"], ["created_at", "2014-12-26 22:19:10.114871"], ["updated_at", "2014-12-26 22:19:10.114871"]]
  [1m[35m (0.9ms)[0m  commit transaction
  [1m[36m (0.1ms)[0m  [1mbegin transaction[0m
  [1m[35mSQL (0.4ms)[0m  INSERT INTO "categories" ("name", "thumburl", "created_at", "updated_at") VALUES (?, ?, ?, ?)  [["name", "Kids"], ["thumburl", "http://upload.wikimedia.org/wikipedia/commons/e/e0/Artist%27s_Paint_Brushes_Adapted_With_Photoshop._Surrey_UK.jpg"], ["created_at", "2014-12-26 22:19:10.118297"], ["updated_at", "2014-12-26 22:19:10.118297"]]
  [1m[36m (1.5ms)[0m  [1mcommit transaction[0m
  [1m[35m (0.1ms)[0m  begin transaction
  [1m[36mSQL (0.3ms)[0m  [1mINSERT INTO "categories" ("name", "thumburl", "created_at", "updated_at") VALUES (?, ?, ?, ?)[0m  [["name", "Vintage"], ["thumburl", "https://c2.staticflickr.com/8/7402/9426557291_139134efaa_z.jpg"], ["created_at", "2014-12-26 22:19:10.122519"], ["updated_at", "2014-12-26 22:19:10.122519"]]
  [1m[35m (1.2ms)[0m  commit transaction
  [1m[36m (0.1ms)[0m  [1mbegin transaction[0m
  [1m[35mSQL (0.3ms)[0m  INSERT INTO "categories" ("name", "thumburl", "created_at", "updated_at") VALUES (?, ?, ?, ?)  [["name", "Weddings"], ["thumburl", "http://hostingessence.com/wp-content/uploads/2012/04/green-wedding.jpg"], ["created_at", "2014-12-26 22:19:10.126419"], ["updated_at", "2014-12-26 22:19:10.126419"]]
  [1m[36m (1.2ms)[0m  [1mcommit transaction[0m
  [1m[35m (0.1ms)[0m  begin transaction
  [1m[36mSQL (0.2ms)[0m  [1mINSERT INTO "categories" ("name", "thumburl", "created_at", "updated_at") VALUES (?, ?, ?, ?)[0m  [["name", "Craft Supplies"], ["thumburl", "http://bit.ly/1w1uPow"], ["created_at", "2014-12-26 22:19:10.130803"], ["updated_at", "2014-12-26 22:19:10.130803"]]
  [1m[35m (1.2ms)[0m  commit transaction


Started GET "/categories" for ::1 at 2015-01-02 20:05:42 -0800
  [1m[36mActiveRecord::SchemaMigration Load (0.3ms)[0m  [1mSELECT "schema_migrations".* FROM "schema_migrations"[0m

ActionController::RoutingError (No route matches [GET] "/categories"):
  web-console (2.0.0) lib/action_dispatch/debug_exceptions.rb:22:in `middleware_call'
  web-console (2.0.0) lib/action_dispatch/debug_exceptions.rb:13:in `call'
  actionpack (4.2.0) lib/action_dispatch/middleware/show_exceptions.rb:30:in `call'
  railties (4.2.0) lib/rails/rack/logger.rb:38:in `call_app'
  railties (4.2.0) lib/rails/rack/logger.rb:20:in `block in call'
  activesupport (4.2.0) lib/active_support/tagged_logging.rb:68:in `block in tagged'
  activesupport (4.2.0) lib/active_support/tagged_logging.rb:26:in `tagged'
  activesupport (4.2.0) lib/active_support/tagged_logging.rb:68:in `tagged'
  railties (4.2.0) lib/rails/rack/logger.rb:20:in `call'
  actionpack (4.2.0) lib/action_dispatch/middleware/request_id.rb:21:in `call'
  rack (1.6.0) lib/rack/methodoverride.rb:22:in `call'
  rack (1.6.0) lib/rack/runtime.rb:18:in `call'
  activesupport (4.2.0) lib/active_support/cache/strategy/local_cache_middleware.rb:28:in `call'
  rack (1.6.0) lib/rack/lock.rb:17:in `call'
  actionpack (4.2.0) lib/action_dispatch/middleware/static.rb:113:in `call'
  rack (1.6.0) lib/rack/sendfile.rb:113:in `call'
  railties (4.2.0) lib/rails/engine.rb:518:in `call'
  railties (4.2.0) lib/rails/application.rb:164:in `call'
  rack (1.6.0) lib/rack/lock.rb:17:in `call'
  rack (1.6.0) lib/rack/content_length.rb:15:in `call'
  rack (1.6.0) lib/rack/handler/webrick.rb:89:in `service'
  /Users/khushali/.rvm/rubies/ruby-2.0.0-p594/lib/ruby/2.0.0/webrick/httpserver.rb:138:in `service'
  /Users/khushali/.rvm/rubies/ruby-2.0.0-p594/lib/ruby/2.0.0/webrick/httpserver.rb:94:in `run'
  /Users/khushali/.rvm/rubies/ruby-2.0.0-p594/lib/ruby/2.0.0/webrick/server.rb:295:in `block in start_thread'


  Rendered /Users/khushali/.rvm/gems/ruby-2.0.0-p594/gems/web-console-2.0.0/lib/action_dispatch/templates/rescues/_trace.html.erb (1.9ms)
  Rendered /Users/khushali/.rvm/gems/ruby-2.0.0-p594/gems/web-console-2.0.0/lib/action_dispatch/templates/routes/_route.html.erb (1.2ms)
  Rendered /Users/khushali/.rvm/gems/ruby-2.0.0-p594/gems/web-console-2.0.0/lib/action_dispatch/templates/routes/_table.html.erb (24.8ms)
  Rendered /Users/khushali/.rvm/gems/ruby-2.0.0-p594/gems/web-console-2.0.0/lib/action_dispatch/templates/rescues/_request_and_response.html.erb (64.4ms)
  Rendered /Users/khushali/.rvm/gems/ruby-2.0.0-p594/gems/web-console-2.0.0/lib/action_dispatch/templates/rescues/_web_console.html.erb (1.1ms)
  Rendered /Users/khushali/.rvm/gems/ruby-2.0.0-p594/gems/web-console-2.0.0/lib/action_dispatch/templates/rescues/routing_error.html.erb within rescues/layout (140.1ms)


Started GET "/index" for ::1 at 2015-01-02 20:06:02 -0800

ActionController::RoutingError (No route matches [GET] "/index"):
  web-console (2.0.0) lib/action_dispatch/debug_exceptions.rb:22:in `middleware_call'
  web-console (2.0.0) lib/action_dispatch/debug_exceptions.rb:13:in `call'
  actionpack (4.2.0) lib/action_dispatch/middleware/show_exceptions.rb:30:in `call'
  railties (4.2.0) lib/rails/rack/logger.rb:38:in `call_app'
  railties (4.2.0) lib/rails/rack/logger.rb:20:in `block in call'
  activesupport (4.2.0) lib/active_support/tagged_logging.rb:68:in `block in tagged'
  activesupport (4.2.0) lib/active_support/tagged_logging.rb:26:in `tagged'
  activesupport (4.2.0) lib/active_support/tagged_logging.rb:68:in `tagged'
  railties (4.2.0) lib/rails/rack/logger.rb:20:in `call'
  actionpack (4.2.0) lib/action_dispatch/middleware/request_id.rb:21:in `call'
  rack (1.6.0) lib/rack/methodoverride.rb:22:in `call'
  rack (1.6.0) lib/rack/runtime.rb:18:in `call'
  activesupport (4.2.0) lib/active_support/cache/strategy/local_cache_middleware.rb:28:in `call'
  rack (1.6.0) lib/rack/lock.rb:17:in `call'
  actionpack (4.2.0) lib/action_dispatch/middleware/static.rb:113:in `call'
  rack (1.6.0) lib/rack/sendfile.rb:113:in `call'
  railties (4.2.0) lib/rails/engine.rb:518:in `call'
  railties (4.2.0) lib/rails/application.rb:164:in `call'
  rack (1.6.0) lib/rack/lock.rb:17:in `call'
  rack (1.6.0) lib/rack/content_length.rb:15:in `call'
  rack (1.6.0) lib/rack/handler/webrick.rb:89:in `service'
  /Users/khushali/.rvm/rubies/ruby-2.0.0-p594/lib/ruby/2.0.0/webrick/httpserver.rb:138:in `service'
  /Users/khushali/.rvm/rubies/ruby-2.0.0-p594/lib/ruby/2.0.0/webrick/httpserver.rb:94:in `run'
  /Users/khushali/.rvm/rubies/ruby-2.0.0-p594/lib/ruby/2.0.0/webrick/server.rb:295:in `block in start_thread'


  Rendered /Users/khushali/.rvm/gems/ruby-2.0.0-p594/gems/web-console-2.0.0/lib/action_dispatch/templates/rescues/_trace.html.erb (1.3ms)
  Rendered /Users/khushali/.rvm/gems/ruby-2.0.0-p594/gems/web-console-2.0.0/lib/action_dispatch/templates/routes/_route.html.erb (1.0ms)
  Rendered /Users/khushali/.rvm/gems/ruby-2.0.0-p594/gems/web-console-2.0.0/lib/action_dispatch/templates/routes/_table.html.erb (1.2ms)
  Rendered /Users/khushali/.rvm/gems/ruby-2.0.0-p594/gems/web-console-2.0.0/lib/action_dispatch/templates/rescues/_request_and_response.html.erb (1.0ms)
  Rendered /Users/khushali/.rvm/gems/ruby-2.0.0-p594/gems/web-console-2.0.0/lib/action_dispatch/templates/rescues/_web_console.html.erb (0.8ms)
  Rendered /Users/khushali/.rvm/gems/ruby-2.0.0-p594/gems/web-console-2.0.0/lib/action_dispatch/templates/rescues/routing_error.html.erb within rescues/layout (26.0ms)


Started GET "/" for ::1 at 2015-01-02 20:06:13 -0800
Processing by PagesController#home as HTML
  Rendered pages/home.html.erb within layouts/application (0.4ms)
Completed 200 OK in 369ms (Views: 368.1ms | ActiveRecord: 0.0ms)


Started GET "/assets/categories-069e88c06b889877799890854d7f4c40.css?body=1" for ::1 at 2015-01-02 20:06:14 -0800


Started GET "/assets/jquery-ea2706bc2d0586731b7c00ec2cd0a414.js?body=1" for ::1 at 2015-01-02 20:06:14 -0800


Started GET "/assets/application-823e88bf1231c4323ee1d35731d8f1b6.css?body=1" for ::1 at 2015-01-02 20:06:14 -0800


Started GET "/assets/turbolinks-924184401b7d116eadaaefc96895fa84.js?body=1" for ::1 at 2015-01-02 20:06:14 -0800


Started GET "/assets/pages-069e88c06b889877799890854d7f4c40.css?body=1" for ::1 at 2015-01-02 20:06:14 -0800


Started GET "/assets/jquery_ujs-99f13489684e179b71ca7517fb74318d.js?body=1" for ::1 at 2015-01-02 20:06:14 -0800


Started GET "/assets/categories-8f6eecd1178ef85964369ec66d33c4f1.js?body=1" for ::1 at 2015-01-02 20:06:14 -0800


Started GET "/assets/pages-8f6eecd1178ef85964369ec66d33c4f1.js?body=1" for ::1 at 2015-01-02 20:06:14 -0800


Started GET "/assets/application-5a90a28d49a75170729c33d0818404df.js?body=1" for ::1 at 2015-01-02 20:06:14 -0800
